Determining if the pthread_create exist failed with the following output:
Change Dir: /home/ustc/ricoh_ws/src/panorama_slam/ORB_Panorama_SLAM/build/CMakeFiles/CMakeTmp

Run Build Command:"/usr/bin/make" "cmTC_b9ce4/fast"
/usr/bin/make -f CMakeFiles/cmTC_b9ce4.dir/build.make CMakeFiles/cmTC_b9ce4.dir/build
make[1]: Entering directory '/home/ustc/ricoh_ws/src/panorama_slam/ORB_Panorama_SLAM/build/CMakeFiles/CMakeTmp'
Building C object CMakeFiles/cmTC_b9ce4.dir/CheckSymbolExists.c.o
/usr/bin/cc    -fPIC    -o CMakeFiles/cmTC_b9ce4.dir/CheckSymbolExists.c.o   -c /home/ustc/ricoh_ws/src/panorama_slam/ORB_Panorama_SLAM/build/CMakeFiles/CMakeTmp/CheckSymbolExists.c
Linking C executable cmTC_b9ce4
/usr/bin/cmake -E cmake_link_script CMakeFiles/cmTC_b9ce4.dir/link.txt --verbose=1
/usr/bin/cc  -fPIC     CMakeFiles/cmTC_b9ce4.dir/CheckSymbolExists.c.o  -o cmTC_b9ce4 -rdynamic 
CMakeFiles/cmTC_b9ce4.dir/CheckSymbolExists.c.o: In function `main':
CheckSymbolExists.c:(.text+0x1b): undefined reference to `pthread_create'
collect2: error: ld returned 1 exit status
CMakeFiles/cmTC_b9ce4.dir/build.make:97: recipe for target 'cmTC_b9ce4' failed
make[1]: *** [cmTC_b9ce4] Error 1
make[1]: Leaving directory '/home/ustc/ricoh_ws/src/panorama_slam/ORB_Panorama_SLAM/build/CMakeFiles/CMakeTmp'
Makefile:126: recipe for target 'cmTC_b9ce4/fast' failed
make: *** [cmTC_b9ce4/fast] Error 2

File /home/ustc/ricoh_ws/src/panorama_slam/ORB_Panorama_SLAM/build/CMakeFiles/CMakeTmp/CheckSymbolExists.c:
/* */
#include <pthread.h>

int main(int argc, char** argv)
{
  (void)argv;
#ifndef pthread_create
  return ((int*)(&pthread_create))[argc];
#else
  (void)argc;
  return 0;
#endif
}

Determining if the function pthread_create exists in the pthreads failed with the following output:
Change Dir: /home/ustc/ricoh_ws/src/panorama_slam/ORB_Panorama_SLAM/build/CMakeFiles/CMakeTmp

Run Build Command:"/usr/bin/make" "cmTC_a4c11/fast"
/usr/bin/make -f CMakeFiles/cmTC_a4c11.dir/build.make CMakeFiles/cmTC_a4c11.dir/build
make[1]: Entering directory '/home/ustc/ricoh_ws/src/panorama_slam/ORB_Panorama_SLAM/build/CMakeFiles/CMakeTmp'
Building C object CMakeFiles/cmTC_a4c11.dir/CheckFunctionExists.c.o
/usr/bin/cc    -fPIC -DCHECK_FUNCTION_EXISTS=pthread_create   -o CMakeFiles/cmTC_a4c11.dir/CheckFunctionExists.c.o   -c /usr/share/cmake-3.5/Modules/CheckFunctionExists.c
Linking C executable cmTC_a4c11
/usr/bin/cmake -E cmake_link_script CMakeFiles/cmTC_a4c11.dir/link.txt --verbose=1
/usr/bin/cc  -fPIC -DCHECK_FUNCTION_EXISTS=pthread_create    CMakeFiles/cmTC_a4c11.dir/CheckFunctionExists.c.o  -o cmTC_a4c11 -rdynamic -lpthreads 
/usr/bin/ld: cannot find -lpthreads
collect2: error: ld returned 1 exit status
CMakeFiles/cmTC_a4c11.dir/build.make:97: recipe for target 'cmTC_a4c11' failed
make[1]: *** [cmTC_a4c11] Error 1
make[1]: Leaving directory '/home/ustc/ricoh_ws/src/panorama_slam/ORB_Panorama_SLAM/build/CMakeFiles/CMakeTmp'
Makefile:126: recipe for target 'cmTC_a4c11/fast' failed
make: *** [cmTC_a4c11/fast] Error 2


