Determining if the pthread_create exist failed with the following output:
Change Dir: /home/ustc/ricoh_ws/src/panorama_slam/panorama_orb_gpu/build/CMakeFiles/CMakeTmp

Run Build Command:"/usr/bin/make" "cmTC_74dfe/fast"
/usr/bin/make -f CMakeFiles/cmTC_74dfe.dir/build.make CMakeFiles/cmTC_74dfe.dir/build
make[1]: Entering directory '/home/ustc/ricoh_ws/src/panorama_slam/panorama_orb_gpu/build/CMakeFiles/CMakeTmp'
Building C object CMakeFiles/cmTC_74dfe.dir/CheckSymbolExists.c.o
/usr/bin/cc    -fPIC    -o CMakeFiles/cmTC_74dfe.dir/CheckSymbolExists.c.o   -c /home/ustc/ricoh_ws/src/panorama_slam/panorama_orb_gpu/build/CMakeFiles/CMakeTmp/CheckSymbolExists.c
Linking C executable cmTC_74dfe
/usr/bin/cmake -E cmake_link_script CMakeFiles/cmTC_74dfe.dir/link.txt --verbose=1
/usr/bin/cc  -fPIC     CMakeFiles/cmTC_74dfe.dir/CheckSymbolExists.c.o  -o cmTC_74dfe -rdynamic 
CMakeFiles/cmTC_74dfe.dir/CheckSymbolExists.c.o: In function `main':
CheckSymbolExists.c:(.text+0x1b): undefined reference to `pthread_create'
collect2: error: ld returned 1 exit status
CMakeFiles/cmTC_74dfe.dir/build.make:97: recipe for target 'cmTC_74dfe' failed
make[1]: *** [cmTC_74dfe] Error 1
make[1]: Leaving directory '/home/ustc/ricoh_ws/src/panorama_slam/panorama_orb_gpu/build/CMakeFiles/CMakeTmp'
Makefile:126: recipe for target 'cmTC_74dfe/fast' failed
make: *** [cmTC_74dfe/fast] Error 2

File /home/ustc/ricoh_ws/src/panorama_slam/panorama_orb_gpu/build/CMakeFiles/CMakeTmp/CheckSymbolExists.c:
/* */
#include <pthread.h>

int main(int argc, char** argv)
{
  (void)argv;
#ifndef pthread_create
  return ((int*)(&pthread_create))[argc];
#else
  (void)argc;
  return 0;
#endif
}

Determining if the function pthread_create exists in the pthreads failed with the following output:
Change Dir: /home/ustc/ricoh_ws/src/panorama_slam/panorama_orb_gpu/build/CMakeFiles/CMakeTmp

Run Build Command:"/usr/bin/make" "cmTC_906a9/fast"
/usr/bin/make -f CMakeFiles/cmTC_906a9.dir/build.make CMakeFiles/cmTC_906a9.dir/build
make[1]: Entering directory '/home/ustc/ricoh_ws/src/panorama_slam/panorama_orb_gpu/build/CMakeFiles/CMakeTmp'
Building C object CMakeFiles/cmTC_906a9.dir/CheckFunctionExists.c.o
/usr/bin/cc    -fPIC -DCHECK_FUNCTION_EXISTS=pthread_create   -o CMakeFiles/cmTC_906a9.dir/CheckFunctionExists.c.o   -c /usr/share/cmake-3.5/Modules/CheckFunctionExists.c
Linking C executable cmTC_906a9
/usr/bin/cmake -E cmake_link_script CMakeFiles/cmTC_906a9.dir/link.txt --verbose=1
/usr/bin/cc  -fPIC -DCHECK_FUNCTION_EXISTS=pthread_create    CMakeFiles/cmTC_906a9.dir/CheckFunctionExists.c.o  -o cmTC_906a9 -rdynamic -lpthreads 
/usr/bin/ld: cannot find -lpthreads
collect2: error: ld returned 1 exit status
CMakeFiles/cmTC_906a9.dir/build.make:97: recipe for target 'cmTC_906a9' failed
make[1]: *** [cmTC_906a9] Error 1
make[1]: Leaving directory '/home/ustc/ricoh_ws/src/panorama_slam/panorama_orb_gpu/build/CMakeFiles/CMakeTmp'
Makefile:126: recipe for target 'cmTC_906a9/fast' failed
make: *** [cmTC_906a9/fast] Error 2


